<?xml version="1.0" encoding="UTF-8"?>
<testsuite name="com.jojoldu.book.springboot.web.IndexControllerTest" tests="1" skipped="0" failures="0" errors="0" timestamp="2021-10-13T13:34:10" hostname="DESKTOP-L43CRL3" time="0.143">
  <properties/>
  <testcase name="메인페이지_로딩" classname="com.jojoldu.book.springboot.web.IndexControllerTest" time="0.143"/>
  <system-out><![CDATA[2021-10-13 22:34:08.687  INFO 10296 --- [    Test worker] .b.t.c.SpringBootTestContextBootstrapper : Neither @ContextConfiguration nor @ContextHierarchy found for test class [com.jojoldu.book.springboot.web.IndexControllerTest], using SpringBootContextLoader
2021-10-13 22:34:08.687  INFO 10296 --- [    Test worker] o.s.t.c.support.AbstractContextLoader    : Could not detect default resource locations for test class [com.jojoldu.book.springboot.web.IndexControllerTest]: no resource found for suffixes {-context.xml, Context.groovy}.
2021-10-13 22:34:08.687  INFO 10296 --- [    Test worker] t.c.s.AnnotationConfigContextLoaderUtils : Could not detect default configuration classes for test class [com.jojoldu.book.springboot.web.IndexControllerTest]: IndexControllerTest does not declare any static, non-private, non-final, nested classes annotated with @Configuration.
2021-10-13 22:34:08.687  INFO 10296 --- [    Test worker] .b.t.c.SpringBootTestContextBootstrapper : Found @SpringBootConfiguration com.jojoldu.book.springboot.Application for test class com.jojoldu.book.springboot.web.IndexControllerTest
2021-10-13 22:34:08.687  INFO 10296 --- [    Test worker] .b.t.c.SpringBootTestContextBootstrapper : Loaded default TestExecutionListener class names from location [META-INF/spring.factories]: [org.springframework.security.test.context.support.WithSecurityContextTestExecutionListener, org.springframework.security.test.context.support.ReactorContextTestExecutionListener, org.springframework.boot.test.autoconfigure.restdocs.RestDocsTestExecutionListener, org.springframework.boot.test.autoconfigure.web.client.MockRestServiceServerResetTestExecutionListener, org.springframework.boot.test.autoconfigure.web.servlet.MockMvcPrintOnlyOnFailureTestExecutionListener, org.springframework.boot.test.autoconfigure.web.servlet.WebDriverTestExecutionListener, org.springframework.boot.test.mock.mockito.MockitoTestExecutionListener, org.springframework.boot.test.mock.mockito.ResetMocksTestExecutionListener, org.springframework.test.context.web.ServletTestExecutionListener, org.springframework.test.context.support.DirtiesContextBeforeModesTestExecutionListener, org.springframework.test.context.support.DependencyInjectionTestExecutionListener, org.springframework.test.context.support.DirtiesContextTestExecutionListener, org.springframework.test.context.transaction.TransactionalTestExecutionListener, org.springframework.test.context.jdbc.SqlScriptsTestExecutionListener]
2021-10-13 22:34:08.687  INFO 10296 --- [    Test worker] .b.t.c.SpringBootTestContextBootstrapper : Using TestExecutionListeners: [org.springframework.test.context.web.ServletTestExecutionListener@479e4ee, org.springframework.test.context.support.DirtiesContextBeforeModesTestExecutionListener@171f383b, org.springframework.boot.test.mock.mockito.MockitoTestExecutionListener@35c04ac8, org.springframework.boot.test.autoconfigure.SpringBootDependencyInjectionTestExecutionListener@2c81584b, org.springframework.test.context.support.DirtiesContextTestExecutionListener@671497a1, org.springframework.test.context.transaction.TransactionalTestExecutionListener@9a4b598, org.springframework.test.context.jdbc.SqlScriptsTestExecutionListener@3e85386e, org.springframework.security.test.context.support.WithSecurityContextTestExecutionListener@18e07cf5, org.springframework.security.test.context.support.ReactorContextTestExecutionListener@5b0a49d7, org.springframework.boot.test.autoconfigure.restdocs.RestDocsTestExecutionListener@77ae3f5b, org.springframework.boot.test.autoconfigure.web.client.MockRestServiceServerResetTestExecutionListener@60ff2f88, org.springframework.boot.test.autoconfigure.web.servlet.MockMvcPrintOnlyOnFailureTestExecutionListener@7be3e0b6, org.springframework.boot.test.autoconfigure.web.servlet.WebDriverTestExecutionListener@72ae4aec, org.springframework.boot.test.mock.mockito.ResetMocksTestExecutionListener@747ce705]

  .   ____          _            __ _ _
 /\\ / ___'_ __ _ _(_)_ __  __ _ \ \ \ \
( ( )\___ | '_ | '_| | '_ \/ _` | \ \ \ \
 \\/  ___)| |_)| | | | | || (_| |  ) ) ) )
  '  |____| .__|_| |_|_| |_\__, | / / / /
 =========|_|==============|___/=/_/_/_/
 :: Spring Boot ::        (v2.1.7.RELEASE)

2021-10-13 22:34:08.702  INFO 10296 --- [    Test worker] c.j.b.s.web.IndexControllerTest          : Starting IndexControllerTest on DESKTOP-L43CRL3 with PID 10296 (started by hide on bush in C:\Users\hide on bush\Desktop\springboot)
2021-10-13 22:34:08.718  INFO 10296 --- [    Test worker] c.j.b.s.web.IndexControllerTest          : No active profile set, falling back to default profiles: default
2021-10-13 22:34:08.843  INFO 10296 --- [    Test worker] .s.d.r.c.RepositoryConfigurationDelegate : Bootstrapping Spring Data repositories in DEFAULT mode.
2021-10-13 22:34:08.859  INFO 10296 --- [    Test worker] .s.d.r.c.RepositoryConfigurationDelegate : Finished Spring Data repository scanning in 16ms. Found 2 repository interfaces.
2021-10-13 22:34:08.921  INFO 10296 --- [    Test worker] trationDelegate$BeanPostProcessorChecker : Bean 'org.springframework.transaction.annotation.ProxyTransactionManagementConfiguration' of type [org.springframework.transaction.annotation.ProxyTransactionManagementConfiguration$$EnhancerBySpringCGLIB$$26f34c46] is not eligible for getting processed by all BeanPostProcessors (for example: not eligible for auto-proxying)
2021-10-13 22:34:09.093  INFO 10296 --- [    Test worker] o.s.b.w.embedded.tomcat.TomcatWebServer  : Tomcat initialized with port(s): 0 (http)
2021-10-13 22:34:09.109  INFO 10296 --- [    Test worker] o.apache.catalina.core.StandardService   : Starting service [Tomcat]
2021-10-13 22:34:09.109  INFO 10296 --- [    Test worker] org.apache.catalina.core.StandardEngine  : Starting Servlet engine: [Apache Tomcat/9.0.22]
2021-10-13 22:34:09.234  INFO 10296 --- [    Test worker] o.a.c.c.C.[Tomcat].[localhost].[/]       : Initializing Spring embedded WebApplicationContext
2021-10-13 22:34:09.234  INFO 10296 --- [    Test worker] o.s.web.context.ContextLoader            : Root WebApplicationContext: initialization completed in 516 ms
2021-10-13 22:34:09.359  INFO 10296 --- [    Test worker] com.zaxxer.hikari.HikariDataSource       : HikariPool-2 - Starting...
2021-10-13 22:34:09.359  INFO 10296 --- [    Test worker] com.zaxxer.hikari.HikariDataSource       : HikariPool-2 - Start completed.
2021-10-13 22:34:09.374  INFO 10296 --- [    Test worker] o.hibernate.jpa.internal.util.LogHelper  : HHH000204: Processing PersistenceUnitInfo [
	name: default
	...]
2021-10-13 22:34:09.390  INFO 10296 --- [    Test worker] org.hibernate.dialect.Dialect            : HHH000400: Using dialect: org.hibernate.dialect.MySQL5InnoDBDialect
Hibernate: drop table if exists posts
Hibernate: drop table if exists user
Hibernate: create table posts (id bigint not null auto_increment, created_date datetime, modified_date datetime, author varchar(255), content TEXT not null, title varchar(500) not null, primary key (id)) engine=InnoDB
Hibernate: create table user (id bigint not null auto_increment, created_date datetime, modified_date datetime, email varchar(255) not null, name varchar(255) not null, picture varchar(255), role varchar(255) not null, primary key (id)) engine=InnoDB
2021-10-13 22:34:09.421  INFO 10296 --- [    Test worker] o.h.t.schema.internal.SchemaCreatorImpl  : HHH000476: Executing import script 'org.hibernate.tool.schema.internal.exec.ScriptSourceInputNonExistentImpl@303f23b8'
2021-10-13 22:34:09.421  INFO 10296 --- [    Test worker] j.LocalContainerEntityManagerFactoryBean : Initialized JPA EntityManagerFactory for persistence unit 'default'
2021-10-13 22:34:09.624  INFO 10296 --- [    Test worker] o.h.h.i.QueryTranslatorFactoryInitiator  : HHH000397: Using ASTQueryTranslatorFactory
2021-10-13 22:34:09.734  INFO 10296 --- [    Test worker] o.s.s.web.DefaultSecurityFilterChain     : Creating filter chain: any request, [org.springframework.security.web.context.request.async.WebAsyncManagerIntegrationFilter@35c88cf3, org.springframework.security.web.context.SecurityContextPersistenceFilter@648789f2, org.springframework.security.web.header.HeaderWriterFilter@5541da60, org.springframework.security.web.authentication.logout.LogoutFilter@6d80dc69, org.springframework.security.oauth2.client.web.OAuth2AuthorizationRequestRedirectFilter@bc3565e, org.springframework.security.oauth2.client.web.OAuth2LoginAuthenticationFilter@28a21e2f, org.springframework.security.web.authentication.ui.DefaultLoginPageGeneratingFilter@35900b30, org.springframework.security.web.authentication.ui.DefaultLogoutPageGeneratingFilter@fa7fdf6, org.springframework.security.web.savedrequest.RequestCacheAwareFilter@67700717, org.springframework.security.web.servletapi.SecurityContextHolderAwareRequestFilter@3c394343, org.springframework.security.web.authentication.AnonymousAuthenticationFilter@1e472bfa, org.springframework.security.web.session.SessionManagementFilter@681c278b, org.springframework.security.web.access.ExceptionTranslationFilter@807e93, org.springframework.security.web.access.intercept.FilterSecurityInterceptor@14c5c20e]
2021-10-13 22:34:09.843  INFO 10296 --- [    Test worker] o.s.s.concurrent.ThreadPoolTaskExecutor  : Initializing ExecutorService 'applicationTaskExecutor'
2021-10-13 22:34:09.859  WARN 10296 --- [    Test worker] aWebConfiguration$JpaWebMvcConfiguration : spring.jpa.open-in-view is enabled by default. Therefore, database queries may be performed during view rendering. Explicitly configure spring.jpa.open-in-view to disable this warning
2021-10-13 22:34:09.874  INFO 10296 --- [    Test worker] o.s.b.a.w.s.WelcomePageHandlerMapping    : Adding welcome page template: index
2021-10-13 22:34:10.093  INFO 10296 --- [    Test worker] s.a.ScheduledAnnotationBeanPostProcessor : No TaskScheduler/ScheduledExecutorService bean found for scheduled processing
2021-10-13 22:34:10.109  INFO 10296 --- [    Test worker] o.s.b.w.embedded.tomcat.TomcatWebServer  : Tomcat started on port(s): 54056 (http) with context path ''
2021-10-13 22:34:10.109  INFO 10296 --- [    Test worker] c.j.b.s.web.IndexControllerTest          : Started IndexControllerTest in 1.422 seconds (JVM running for 7.316)
2021-10-13 22:34:10.171  INFO 10296 --- [o-auto-1-exec-1] o.a.c.c.C.[Tomcat].[localhost].[/]       : Initializing Spring DispatcherServlet 'dispatcherServlet'
2021-10-13 22:34:10.171  INFO 10296 --- [o-auto-1-exec-1] o.s.web.servlet.DispatcherServlet        : Initializing Servlet 'dispatcherServlet'
2021-10-13 22:34:10.187  INFO 10296 --- [o-auto-1-exec-1] o.s.web.servlet.DispatcherServlet        : Completed initialization in 16 ms
Hibernate: select posts0_.id as id1_0_, posts0_.created_date as created_2_0_, posts0_.modified_date as modified3_0_, posts0_.author as author4_0_, posts0_.content as content5_0_, posts0_.title as title6_0_ from posts posts0_ order by posts0_.id DESC
]]></system-out>
  <system-err><![CDATA[]]></system-err>
</testsuite>
